<?xml version="1.0" encoding="UTF-8"?>
<!-- Generated by org.testng.reporters.JUnitReportReporter -->
<testsuite hostname="L70201" failures="0" tests="1" name="com.seleniumautomation.mavenproject.LinksTest" time="9.295" errors="0" timestamp="2021-12-17T01:17:43 IST" skipped="0">
  <testcase classname="com.seleniumautomation.mavenproject.LinksTest" name="testlinks" time="9.295"/>
  <system-out/>
</testsuite> <!-- com.seleniumautomation.mavenproject.LinksTest -->
