<?xml version="1.0" encoding="UTF-8"?>
<!-- Generated by org.testng.reporters.JUnitReportReporter -->
<testsuite hostname="L70201" failures="0" tests="4" name="com.seleniumautomation.mavenproject.TestNGAnnotationTest" time="0.000" errors="0" timestamp="2021-12-17T01:17:43 IST" skipped="0">
  <testcase classname="com.seleniumautomation.mavenproject.TestNGAnnotationTest" name="firstTest" time="0.000"/>
  <system-out/>
  <testcase classname="com.seleniumautomation.mavenproject.TestNGAnnotationTest" name="secondTest" time="0.000"/>
  <system-out/>
  <testcase classname="com.seleniumautomation.mavenproject.TestNGAnnotationTest" name="thirdTest" time="0.000"/>
  <system-out/>
  <testcase classname="com.seleniumautomation.mavenproject.TestNGAnnotationTest" name="fourthTest" time="0.000"/>
  <system-out/>
</testsuite> <!-- com.seleniumautomation.mavenproject.TestNGAnnotationTest -->
