<?xml version="1.0" encoding="UTF-8"?>
<!-- Generated by org.testng.reporters.JUnitReportReporter -->
<testsuite hostname="L70201" failures="0" tests="1" name="com.seleniumautomation.mavenproject.ActionTest" time="8.641" errors="0" timestamp="2021-12-17T01:18:01 IST" skipped="0">
  <testcase classname="com.seleniumautomation.mavenproject.ActionTest" name="initializeBrowser" time="8.641"/>
  <system-out/>
</testsuite> <!-- com.seleniumautomation.mavenproject.ActionTest -->
