<?xml version="1.0" encoding="UTF-8"?>
<!-- Generated by org.testng.reporters.JUnitReportReporter -->
<testsuite hostname="L70201" failures="0" tests="1" name="com.seleniumautomation.mavenproject.AppTest" time="0.000" errors="0" timestamp="2021-12-17T01:18:01 IST" skipped="0">
  <testcase classname="com.seleniumautomation.mavenproject.AppTest" name="shouldAnswerWithTrue" time="0.000"/>
  <system-out/>
</testsuite> <!-- com.seleniumautomation.mavenproject.AppTest -->
