<?xml version="1.0" encoding="UTF-8"?>
<!-- Generated by org.testng.reporters.JUnitReportReporter -->
<testsuite hostname="L70201" failures="0" tests="1" name="com.seleniumautomation.mavenproject.DBConnectionTest" time="0.006" errors="0" timestamp="2021-12-28T17:11:24 IST" skipped="0">
  <testcase classname="com.seleniumautomation.mavenproject.DBConnectionTest" name="executeDBQuery" time="0.006"/>
  <system-out/>
</testsuite> <!-- com.seleniumautomation.mavenproject.DBConnectionTest -->
