<?xml version="1.0" encoding="UTF-8"?>
<!-- Generated by org.testng.reporters.JUnitReportReporter -->
<testsuite hostname="L70201" failures="0" tests="1" name="com.seleniumautomation.mavenproject.WindowAuth" time="8.904" errors="0" timestamp="2021-12-31T01:05:45 IST" skipped="0">
  <testcase classname="com.seleniumautomation.mavenproject.WindowAuth" name="windowAuthentication" time="8.904"/>
  <system-out/>
</testsuite> <!-- com.seleniumautomation.mavenproject.WindowAuth -->
