<?xml version="1.0" encoding="UTF-8"?>
<!-- Generated by org.testng.reporters.JUnitReportReporter -->
<testsuite hostname="L70201" failures="0" tests="1" name="com.seleniumautomation.mavenproject.LinksTest" time="19.178" errors="0" timestamp="2021-12-04T22:04:35 IST" skipped="0">
  <testcase classname="com.seleniumautomation.mavenproject.LinksTest" name="testlinks" time="19.178"/>
  <system-out/>
</testsuite> <!-- com.seleniumautomation.mavenproject.LinksTest -->
