<?xml version="1.0" encoding="UTF-8"?>
<!-- Generated by org.testng.reporters.JUnitReportReporter -->
<testsuite hostname="L70201" failures="0" tests="1" name="com.seleniumautomation.mavenproject.FramesTest" time="10.650" errors="0" timestamp="2021-12-04T19:37:17 IST" skipped="0">
  <testcase classname="com.seleniumautomation.mavenproject.FramesTest" name="initializeBrowser" time="10.650"/>
  <system-out/>
</testsuite> <!-- com.seleniumautomation.mavenproject.FramesTest -->
