<?xml version="1.0" encoding="UTF-8"?>
<!-- Generated by org.testng.reporters.JUnitReportReporter -->
<testsuite hostname="L70201" failures="0" tests="1" name="com.seleniumautomation.mavenproject.ScreenshotTest" time="10.646" errors="0" timestamp="2021-12-11T19:57:58 IST" skipped="0">
  <testcase classname="com.seleniumautomation.mavenproject.ScreenshotTest" name="takeScreenshot" time="10.646"/>
  <system-out/>
</testsuite> <!-- com.seleniumautomation.mavenproject.ScreenshotTest -->
