<?xml version="1.0" encoding="UTF-8"?>
<!-- Generated by org.testng.reporters.JUnitReportReporter -->
<testsuite hostname="L70201" failures="0" tests="1" name="com.seleniumautomation.mavenproject.StaticDropdown" time="12.537" errors="0" timestamp="2021-12-02T23:01:48 IST" skipped="0">
  <testcase classname="com.seleniumautomation.mavenproject.StaticDropdown" name="initializeBrowser" time="12.537"/>
  <system-out/>
</testsuite> <!-- com.seleniumautomation.mavenproject.StaticDropdown -->
